<?xml version="1.0" encoding="utf-8"?><testsuites name="pytest tests"><testsuite name="pytest" errors="0" failures="1" skipped="0" tests="23" time="13.800" timestamp="2026-08-04T14:38:45.352855+00:00" hostname="agent-env-1cfc25d5-b9e3-4b33-9411-fc19f35d1219"><testcase classname="tests.test_iteration6.TestUniversitySchools" name="test_list_schools" time="3.515" /><testcase classname="tests.test_iteration6.TestUniversityStudents" name="test_students_shape_and_school_filter" time="4.540" /><testcase classname="tests.test_iteration6.TestUniversitySchools" name="test_create_school_and_duplicate" time="5.378" /><testcase classname="tests.test_iteration6.TestUniversityStudents" name="test_students_field_filter_engineer" time="0.120" /><testcase classname="tests.test_iteration6.TestUniversityStudents" name="test_students_rbac[student]" time="0.123" /><testcase classname="tests.test_iteration6.TestUniversityStudents" name="test_students_rbac[parent]" time="1.587" /><testcase classname="tests.test_iteration6.TestUniversityStudents" name="test_students_rbac[counselor]" time="0.180" /><testcase classname="tests.test_iteration6.TestUniversityStudents" name="test_students_rbac[principal]" time="0.138" /><testcase classname="tests.test_iteration6.TestUniversityStudents" name="test_students_rbac[admin]" time="0.348" /><testcase classname="tests.test_iteration6.TestUniversityOverview" name="test_overview_shape" time="0.141" /><testcase classname="tests.test_iteration6.TestUniversityOverview" name="test_overview_rbac_forbidden[student]" time="0.127" /><testcase classname="tests.test_iteration6.TestUniversityOverview" name="test_overview_rbac_forbidden[parent]" time="0.381" /><testcase classname="tests.test_iteration6.TestUniversityOverview" name="test_overview_rbac_forbidden[counselor]" time="1.145" /><testcase classname="tests.test_iteration6.TestUniversityOverview" name="test_overview_rbac_forbidden[principal]" time="0.365" /><testcase classname="tests.test_iteration6.TestUniversitySchools" name="test_delete_school_does_not_remove_users" time="1.433" /><testcase classname="tests.test_iteration6.TestUniversityOverview" name="test_overview_rbac_forbidden[admin]" time="0.138" /><testcase classname="tests.test_iteration6.TestUniversityLogin" name="test_login_returns_role_university" time="0.346" /><testcase classname="tests.test_iteration6.TestSeedStudentWishlist" name="test_add_second_wishlist_item" time="1.914"><failure message="assert 405 == 200&#10; +  where 405 = &lt;Response [405]&gt;.status_code">backend/tests/test_iteration6.py:191: in test_add_second_wishlist_item
    assert r.status_code == 200
E   assert 405 == 200
E    +  where 405 = &lt;Response [405]&gt;.status_code</failure></testcase><testcase classname="tests.test_iteration6.TestUniversitySchools" name="test_schools_rbac[student]" time="0.117" /><testcase classname="tests.test_iteration6.TestUniversitySchools" name="test_schools_rbac[parent]" time="1.475" /><testcase classname="tests.test_iteration6.TestUniversitySchools" name="test_schools_rbac[counselor]" time="1.274" /><testcase classname="tests.test_iteration6.TestUniversitySchools" name="test_schools_rbac[principal]" time="0.130" /><testcase classname="tests.test_iteration6.TestUniversitySchools" name="test_schools_rbac[admin]" time="0.142" /></testsuite></testsuites>