<?xml version="1.0" encoding="utf-8"?><testsuites name="pytest tests"><testsuite name="pytest" errors="0" failures="0" skipped="0" tests="10" time="19.654" timestamp="2026-08-04T14:26:26.728827+00:00" hostname="agent-env-1cfc25d5-b9e3-4b33-9411-fc19f35d1219"><testcase classname="tests.test_iteration5.TestWishlist" name="test_add_and_duplicate" time="2.620" /><testcase classname="tests.test_iteration5.TestSchoolWishlists" name="test_counselor_list" time="2.541" /><testcase classname="tests.test_iteration5.TestSchoolWishlists" name="test_principal_list" time="0.133" /><testcase classname="tests.test_iteration5.TestWishlist" name="test_list_me" time="0.125" /><testcase classname="tests.test_iteration5.TestSchoolWishlists" name="test_rbac_student" time="0.113" /><testcase classname="tests.test_iteration5.TestWishlist" name="test_delete" time="0.399" /><testcase classname="tests.test_iteration5.TestCareerChat" name="test_unauth" time="0.114" /><testcase classname="tests.test_iteration5.TestCareerChat" name="test_chat_english" time="7.774" /><testcase classname="tests.test_iteration5.TestWishlist" name="test_rbac_non_student" time="0.789" /><testcase classname="tests.test_iteration5.TestCareerChat" name="test_chat_hindi" time="8.642" /></testsuite></testsuites>