<?xml version="1.0" encoding="utf-8"?><testsuites name="pytest tests"><testsuite name="pytest" errors="0" failures="0" skipped="0" tests="12" time="5.693" timestamp="2026-08-04T13:52:47.611179+00:00" hostname="agent-env-1cfc25d5-b9e3-4b33-9411-fc19f35d1219"><testcase classname="tests.test_iteration3" name="test_vocational_student_grade10_returns_10_items" time="0.628" /><testcase classname="tests.test_iteration3" name="test_vocational_grade8_filter" time="0.135" /><testcase classname="tests.test_iteration3" name="test_vocational_requires_auth" time="0.126" /><testcase classname="tests.test_iteration3" name="test_cohort_student_own_result" time="0.283" /><testcase classname="tests.test_iteration3" name="test_cohort_parent_linked_can_access" time="0.494" /><testcase classname="tests.test_iteration3" name="test_cohort_counselor_same_school_can_access" time="0.457" /><testcase classname="tests.test_iteration3" name="test_cohort_other_student_forbidden" time="0.483" /><testcase classname="tests.test_iteration3" name="test_cohort_different_school_counselor_forbidden" time="0.530" /><testcase classname="tests.test_iteration3" name="test_bulk_create_principal" time="1.386" /><testcase classname="tests.test_iteration3" name="test_bulk_create_counselor_ok" time="0.560" /><testcase classname="tests.test_iteration3" name="test_bulk_forbidden_student" time="0.142" /><testcase classname="tests.test_iteration3" name="test_bulk_forbidden_parent" time="0.123" /></testsuite></testsuites>