<?xml version="1.0" encoding="utf-8"?><testsuites name="pytest tests"><testsuite name="pytest" errors="0" failures="0" skipped="0" tests="16" time="4.237" timestamp="2026-08-04T14:55:16.145579+00:00" hostname="agent-env-1cfc25d5-b9e3-4b33-9411-fc19f35d1219"><testcase classname="tests.test_iteration7.TestBranding" name="test_put_branding_university" time="0.756" /><testcase classname="tests.test_iteration7.TestBranding" name="test_get_branding_returns_saved" time="0.215" /><testcase classname="tests.test_iteration7.TestInvites" name="test_create_invite_principal" time="1.106" /><testcase classname="tests.test_iteration7.TestBranding" name="test_put_branding_forbidden_non_university" time="0.628" /><testcase classname="tests.test_iteration7.TestInvites" name="test_create_invite_forbidden_non_university" time="0.656" /><testcase classname="tests.test_iteration7.TestBranding" name="test_get_branding_forbidden_non_university" time="0.163" /><testcase classname="tests.test_iteration7.TestInvites" name="test_list_invites" time="0.172" /><testcase classname="tests.test_iteration7.TestBranding" name="test_for_school_seed_returns_branding" time="0.391" /><testcase classname="tests.test_iteration7.TestInvites" name="test_get_invite_public_no_auth" time="0.163" /><testcase classname="tests.test_iteration7.TestInvites" name="test_get_invite_invalid_code_404" time="0.185" /><testcase classname="tests.test_iteration7.TestInvites" name="test_accept_invite_creates_user_and_logs_in" time="0.483" /><testcase classname="tests.test_iteration7.TestBranding" name="test_for_school_any_authed_user" time="0.612" /><testcase classname="tests.test_iteration7.TestInvites" name="test_accept_invite_second_time_fails" time="0.156" /><testcase classname="tests.test_iteration7.TestBranding" name="test_for_school_system_returns_nulls" time="0.209" /><testcase classname="tests.test_iteration7.TestInvites" name="test_get_used_invite_returns_400" time="0.168" /><testcase classname="tests.test_iteration7.TestInvites" name="test_revoke_invite" time="0.810" /></testsuite></testsuites>