<?xml version="1.0" encoding="utf-8"?><testsuites name="pytest tests"><testsuite name="pytest" errors="0" failures="0" skipped="0" tests="9" time="84.158" timestamp="2026-08-04T14:05:27.235874+00:00" hostname="agent-env-1cfc25d5-b9e3-4b33-9411-fc19f35d1219"><testcase classname="tests.test_iteration4.TestCareersExplore" name="test_unauth_401" time="0.525" /><testcase classname="tests.test_iteration4.TestClassReport" name="test_counselor_gets_full_payload" time="0.683" /><testcase classname="tests.test_iteration4.TestCareersExplore" name="test_english_deepdive" time="34.170" /><testcase classname="tests.test_iteration4.TestClassReport" name="test_principal_also_works" time="0.886" /><testcase classname="tests.test_iteration4.TestClassReport" name="test_grade_filter" time="0.545" /><testcase classname="tests.test_iteration4.TestClassReport" name="test_student_forbidden" time="0.471" /><testcase classname="tests.test_iteration4.TestClassReport" name="test_parent_forbidden" time="0.466" /><testcase classname="tests.test_iteration4.TestClassReport" name="test_unauth" time="0.125" /><testcase classname="tests.test_iteration4.TestCareersExplore" name="test_hindi_deepdive" time="49.134" /></testsuite></testsuites>