<?xml version="1.0" encoding="utf-8"?><testsuites name="pytest tests"><testsuite name="pytest" errors="0" failures="1" skipped="0" tests="23" time="99.959" timestamp="2026-08-04T13:39:15.790726+00:00" hostname="agent-env-1cfc25d5-b9e3-4b33-9411-fc19f35d1219"><testcase classname="tests.backend_test" name="test_login_all_roles[admin]" time="0.549" /><testcase classname="tests.backend_test" name="test_login_all_roles[student]" time="0.369" /><testcase classname="tests.backend_test" name="test_login_all_roles[parent]" time="0.346" /><testcase classname="tests.backend_test" name="test_login_all_roles[counselor]" time="0.357" /><testcase classname="tests.backend_test" name="test_login_all_roles[principal]" time="0.333" /><testcase classname="tests.backend_test" name="test_auth_meta" time="0.124" /><testcase classname="tests.backend_test" name="test_register_student_parent_counselor" time="1.186" /><testcase classname="tests.backend_test" name="test_questions_grade_filter_student" time="0.560" /><testcase classname="tests.backend_test" name="test_questions_admin_sees_all" time="0.550"><failure message="assert False&#10; +  where False = any(&lt;generator object test_questions_admin_sees_all.&lt;locals&gt;.&lt;genexpr&gt; at 0xfd8f1161bd30&gt;)">backend/tests/backend_test.py:110: in test_questions_admin_sees_all
    assert any("derivative of x^3" in t for t in texts)
E   assert False
E    +  where False = any(&lt;generator object test_questions_admin_sees_all.&lt;locals&gt;.&lt;genexpr&gt; at 0xfd8f1161bd30&gt;)</failure></testcase><testcase classname="tests.backend_test" name="test_counselor_cannot_create_question" time="0.469" /><testcase classname="tests.backend_test" name="test_assessment_submit_student" time="47.133" /><testcase classname="tests.backend_test" name="test_assessment_retake_and_sorted" time="45.170" /><testcase classname="tests.backend_test" name="test_parent_cannot_submit_assessment" time="0.437" /><testcase classname="tests.backend_test" name="test_parent_children_and_link_idempotent" time="0.244" /><testcase classname="tests.backend_test" name="test_parent_can_get_linked_result_but_not_others" time="0.240" /><testcase classname="tests.backend_test" name="test_school_overview[counselor]" time="0.183" /><testcase classname="tests.backend_test" name="test_school_overview[principal]" time="0.482" /><testcase classname="tests.backend_test" name="test_school_students[counselor]" time="0.136" /><testcase classname="tests.backend_test" name="test_school_students[principal]" time="0.112" /><testcase classname="tests.backend_test" name="test_school_results_counselor" time="0.156" /><testcase classname="tests.backend_test" name="test_student_cannot_get_school_overview" time="0.132" /><testcase classname="tests.backend_test" name="test_parent_cannot_get_school_overview" time="0.132" /><testcase classname="tests.backend_test" name="test_no_auth_rejected" time="0.115" /></testsuite></testsuites>